<?xml version="1.0" encoding="UTF-8"?>
<testsuite xmlns:xsi="http://www.w3.org/2001/XMLSchema-instance" xsi:noNamespaceSchemaLocation="https://maven.apache.org/surefire/maven-surefire-plugin/xsd/surefire-test-report-3.0.xsd" version="3.0" name="ec.epn.edu.calculator.CalculatorTest" time="0.104" tests="4" errors="0" skipped="0" failures="0">
  <properties>
[...]
</properties>
  <testcase name="given_two_integers_when_addition_then_ok" classname="ec.epn.edu.calculator.CalculatorTest" time="0.0">
    <system-out><![CDATA[setUpClass
setUp()
Test1
tearDown()
]]></system-out>
  </testcase>
  <testcase name="given_two_integers_when_division_then_exception" classname="ec.epn.edu.calculator.CalculatorTest" time="0.001">
    <system-out><![CDATA[setUp()
Test5
tearDown()
]]></system-out>
  </testcase>
  <testcase name="given_two_integers_when_substraction_then_ok" classname="ec.epn.edu.calculator.CalculatorTest" time="0.003">
    <system-out><![CDATA[setUp()
Test2
tearDown()
]]></system-out>
  </testcase>
  <testcase name="given_a_time_when_timeout_then_ok" classname="ec.epn.edu.calculator.CalculatorTest" time="0.083">
    <system-out><![CDATA[setUp()
Test4
tearDown()
]]></system-out>
  </testcase>
</testsuite>