<?xml version="1.0" encoding="UTF-8"?>
<testsuite xmlns:xsi="http://www.w3.org/2001/XMLSchema-instance" xsi:noNamespaceSchemaLocation="https://maven.apache.org/surefire/maven-surefire-plugin/xsd/surefire-test-report-3.0.xsd" version="3.0" name="ec.epn.edu.calculator.CalculatorTest" time="0.519" tests="1" errors="0" skipped="0" failures="0">
  <properties>
[...]
</properties>
  <testcase name="given_two_integers_when_additin" classname="ec.epn.edu.calculator.CalculatorTest" time="0.425">
    <system-out><![CDATA[Execute before method
Testing given two integers+adittion 
Testing completed
]]></system-out>
  </testcase>
</testsuite>